have_library: checking for socket() in -lsocket... -------------------- no

"/usr/local/bin/gcc-4.2 -o conftest -I/Users/ERSK/.rvm/rubies/ruby-1.9.3-p374/include/ruby-1.9.1/x86_64-darwin12.3.0 -I/Users/ERSK/.rvm/rubies/ruby-1.9.3-p374/include/ruby-1.9.1/ruby/backward -I/Users/ERSK/.rvm/rubies/ruby-1.9.3-p374/include/ruby-1.9.1 -I. -D_XOPEN_SOURCE -D_DARWIN_C_SOURCE   -I/Users/ERSK/.rvm/usr/include  -O3 -ggdb -Wall -Wextra -Wno-unused-parameter -Wno-parentheses -Wno-long-long -Wno-missing-field-initializers -Wpointer-arith -Wwrite-strings -Wdeclaration-after-statement -Wshorten-64-to-32 -Wimplicit-function-declaration  -pipe conftest.c  -L. -L/Users/ERSK/.rvm/rubies/ruby-1.9.3-p374/lib -L/Users/ERSK/.rvm/usr/lib -L/Users/ERSK/.rvm/rubies/ruby-1.9.3-p374/lib -L.  -L/Users/ERSK/.rvm/usr/lib      -lruby-static  -lpthread -ldl -lobjc "
checked program was:
/* begin */
1: #include "ruby.h"
2: 
3: int main() {return 0;}
/* end */

"/usr/local/bin/gcc-4.2 -o conftest -I/Users/ERSK/.rvm/rubies/ruby-1.9.3-p374/include/ruby-1.9.1/x86_64-darwin12.3.0 -I/Users/ERSK/.rvm/rubies/ruby-1.9.3-p374/include/ruby-1.9.1/ruby/backward -I/Users/ERSK/.rvm/rubies/ruby-1.9.3-p374/include/ruby-1.9.1 -I. -D_XOPEN_SOURCE -D_DARWIN_C_SOURCE   -I/Users/ERSK/.rvm/usr/include  -O3 -ggdb -Wall -Wextra -Wno-unused-parameter -Wno-parentheses -Wno-long-long -Wno-missing-field-initializers -Wpointer-arith -Wwrite-strings -Wdeclaration-after-statement -Wshorten-64-to-32 -Wimplicit-function-declaration  -pipe conftest.c  -L. -L/Users/ERSK/.rvm/rubies/ruby-1.9.3-p374/lib -L/Users/ERSK/.rvm/usr/lib -L/Users/ERSK/.rvm/rubies/ruby-1.9.3-p374/lib -L.  -L/Users/ERSK/.rvm/usr/lib      -lruby-static -lsocket  -lpthread -ldl -lobjc "
conftest.c: In function ‘t’:
conftest.c:5: error: ‘socket’ undeclared (first use in this function)
conftest.c:5: error: (Each undeclared identifier is reported only once
conftest.c:5: error: for each function it appears in.)
checked program was:
/* begin */
1: #include "ruby.h"
2: 
3: /*top*/
4: int main() {return 0;}
5: int t() { void ((*volatile p)()); p = (void ((*)()))socket; return 0; }
/* end */

"/usr/local/bin/gcc-4.2 -o conftest -I/Users/ERSK/.rvm/rubies/ruby-1.9.3-p374/include/ruby-1.9.1/x86_64-darwin12.3.0 -I/Users/ERSK/.rvm/rubies/ruby-1.9.3-p374/include/ruby-1.9.1/ruby/backward -I/Users/ERSK/.rvm/rubies/ruby-1.9.3-p374/include/ruby-1.9.1 -I. -D_XOPEN_SOURCE -D_DARWIN_C_SOURCE   -I/Users/ERSK/.rvm/usr/include  -O3 -ggdb -Wall -Wextra -Wno-unused-parameter -Wno-parentheses -Wno-long-long -Wno-missing-field-initializers -Wpointer-arith -Wwrite-strings -Wdeclaration-after-statement -Wshorten-64-to-32 -Wimplicit-function-declaration  -pipe conftest.c  -L. -L/Users/ERSK/.rvm/rubies/ruby-1.9.3-p374/lib -L/Users/ERSK/.rvm/usr/lib -L/Users/ERSK/.rvm/rubies/ruby-1.9.3-p374/lib -L.  -L/Users/ERSK/.rvm/usr/lib      -lruby-static -lsocket  -lpthread -ldl -lobjc "
conftest.c: In function ‘t’:
conftest.c:5: warning: implicit declaration of function ‘socket’
ld: library not found for -lsocket
collect2: ld returned 1 exit status
checked program was:
/* begin */
1: #include "ruby.h"
2: 
3: /*top*/
4: int main() {return 0;}
5: int t() { socket(); return 0; }
/* end */

--------------------

have_library: checking for gethostbyname() in -lnsl... -------------------- no

"/usr/local/bin/gcc-4.2 -o conftest -I/Users/ERSK/.rvm/rubies/ruby-1.9.3-p374/include/ruby-1.9.1/x86_64-darwin12.3.0 -I/Users/ERSK/.rvm/rubies/ruby-1.9.3-p374/include/ruby-1.9.1/ruby/backward -I/Users/ERSK/.rvm/rubies/ruby-1.9.3-p374/include/ruby-1.9.1 -I. -D_XOPEN_SOURCE -D_DARWIN_C_SOURCE   -I/Users/ERSK/.rvm/usr/include  -O3 -ggdb -Wall -Wextra -Wno-unused-parameter -Wno-parentheses -Wno-long-long -Wno-missing-field-initializers -Wpointer-arith -Wwrite-strings -Wdeclaration-after-statement -Wshorten-64-to-32 -Wimplicit-function-declaration  -pipe conftest.c  -L. -L/Users/ERSK/.rvm/rubies/ruby-1.9.3-p374/lib -L/Users/ERSK/.rvm/usr/lib -L/Users/ERSK/.rvm/rubies/ruby-1.9.3-p374/lib -L.  -L/Users/ERSK/.rvm/usr/lib      -lruby-static -lnsl  -lpthread -ldl -lobjc "
conftest.c: In function ‘t’:
conftest.c:5: error: ‘gethostbyname’ undeclared (first use in this function)
conftest.c:5: error: (Each undeclared identifier is reported only once
conftest.c:5: error: for each function it appears in.)
checked program was:
/* begin */
1: #include "ruby.h"
2: 
3: /*top*/
4: int main() {return 0;}
5: int t() { void ((*volatile p)()); p = (void ((*)()))gethostbyname; return 0; }
/* end */

"/usr/local/bin/gcc-4.2 -o conftest -I/Users/ERSK/.rvm/rubies/ruby-1.9.3-p374/include/ruby-1.9.1/x86_64-darwin12.3.0 -I/Users/ERSK/.rvm/rubies/ruby-1.9.3-p374/include/ruby-1.9.1/ruby/backward -I/Users/ERSK/.rvm/rubies/ruby-1.9.3-p374/include/ruby-1.9.1 -I. -D_XOPEN_SOURCE -D_DARWIN_C_SOURCE   -I/Users/ERSK/.rvm/usr/include  -O3 -ggdb -Wall -Wextra -Wno-unused-parameter -Wno-parentheses -Wno-long-long -Wno-missing-field-initializers -Wpointer-arith -Wwrite-strings -Wdeclaration-after-statement -Wshorten-64-to-32 -Wimplicit-function-declaration  -pipe conftest.c  -L. -L/Users/ERSK/.rvm/rubies/ruby-1.9.3-p374/lib -L/Users/ERSK/.rvm/usr/lib -L/Users/ERSK/.rvm/rubies/ruby-1.9.3-p374/lib -L.  -L/Users/ERSK/.rvm/usr/lib      -lruby-static -lnsl  -lpthread -ldl -lobjc "
conftest.c: In function ‘t’:
conftest.c:5: warning: implicit declaration of function ‘gethostbyname’
ld: library not found for -lnsl
collect2: ld returned 1 exit status
checked program was:
/* begin */
1: #include "ruby.h"
2: 
3: /*top*/
4: int main() {return 0;}
5: int t() { gethostbyname(); return 0; }
/* end */

--------------------

have_library: checking for atan() in -lm... -------------------- no

"/usr/local/bin/gcc-4.2 -o conftest -I/Users/ERSK/.rvm/rubies/ruby-1.9.3-p374/include/ruby-1.9.1/x86_64-darwin12.3.0 -I/Users/ERSK/.rvm/rubies/ruby-1.9.3-p374/include/ruby-1.9.1/ruby/backward -I/Users/ERSK/.rvm/rubies/ruby-1.9.3-p374/include/ruby-1.9.1 -I. -D_XOPEN_SOURCE -D_DARWIN_C_SOURCE   -I/Users/ERSK/.rvm/usr/include  -O3 -ggdb -Wall -Wextra -Wno-unused-parameter -Wno-parentheses -Wno-long-long -Wno-missing-field-initializers -Wpointer-arith -Wwrite-strings -Wdeclaration-after-statement -Wshorten-64-to-32 -Wimplicit-function-declaration  -pipe conftest.c  -L. -L/Users/ERSK/.rvm/rubies/ruby-1.9.3-p374/lib -L/Users/ERSK/.rvm/usr/lib -L/Users/ERSK/.rvm/rubies/ruby-1.9.3-p374/lib -L.  -L/Users/ERSK/.rvm/usr/lib      -lruby-static -lm  -lpthread -ldl -lobjc "
conftest.c: In function ‘t’:
conftest.c:5: error: ‘atan’ undeclared (first use in this function)
conftest.c:5: error: (Each undeclared identifier is reported only once
conftest.c:5: error: for each function it appears in.)
checked program was:
/* begin */
1: #include "ruby.h"
2: 
3: /*top*/
4: int main() {return 0;}
5: int t() { void ((*volatile p)()); p = (void ((*)()))atan; return 0; }
/* end */

"/usr/local/bin/gcc-4.2 -o conftest -I/Users/ERSK/.rvm/rubies/ruby-1.9.3-p374/include/ruby-1.9.1/x86_64-darwin12.3.0 -I/Users/ERSK/.rvm/rubies/ruby-1.9.3-p374/include/ruby-1.9.1/ruby/backward -I/Users/ERSK/.rvm/rubies/ruby-1.9.3-p374/include/ruby-1.9.1 -I. -D_XOPEN_SOURCE -D_DARWIN_C_SOURCE   -I/Users/ERSK/.rvm/usr/include  -O3 -ggdb -Wall -Wextra -Wno-unused-parameter -Wno-parentheses -Wno-long-long -Wno-missing-field-initializers -Wpointer-arith -Wwrite-strings -Wdeclaration-after-statement -Wshorten-64-to-32 -Wimplicit-function-declaration  -pipe conftest.c  -L. -L/Users/ERSK/.rvm/rubies/ruby-1.9.3-p374/lib -L/Users/ERSK/.rvm/usr/lib -L/Users/ERSK/.rvm/rubies/ruby-1.9.3-p374/lib -L.  -L/Users/ERSK/.rvm/usr/lib      -lruby-static -lm  -lpthread -ldl -lobjc "
conftest.c: In function ‘t’:
conftest.c:5: warning: implicit declaration of function ‘atan’
conftest.c:5: warning: incompatible implicit declaration of built-in function ‘atan’
conftest.c:5: error: too few arguments to function ‘atan’
checked program was:
/* begin */
1: #include "ruby.h"
2: 
3: /*top*/
4: int main() {return 0;}
5: int t() { atan(); return 0; }
/* end */

--------------------

have_library: checking for atan() in -lm... -------------------- yes

"/usr/local/bin/gcc-4.2 -o conftest -I/Users/ERSK/.rvm/rubies/ruby-1.9.3-p374/include/ruby-1.9.1/x86_64-darwin12.3.0 -I/Users/ERSK/.rvm/rubies/ruby-1.9.3-p374/include/ruby-1.9.1/ruby/backward -I/Users/ERSK/.rvm/rubies/ruby-1.9.3-p374/include/ruby-1.9.1 -I. -D_XOPEN_SOURCE -D_DARWIN_C_SOURCE   -I/Users/ERSK/.rvm/usr/include  -O3 -ggdb -Wall -Wextra -Wno-unused-parameter -Wno-parentheses -Wno-long-long -Wno-missing-field-initializers -Wpointer-arith -Wwrite-strings -Wdeclaration-after-statement -Wshorten-64-to-32 -Wimplicit-function-declaration  -pipe -fno-builtin conftest.c  -L. -L/Users/ERSK/.rvm/rubies/ruby-1.9.3-p374/lib -L/Users/ERSK/.rvm/usr/lib -L/Users/ERSK/.rvm/rubies/ruby-1.9.3-p374/lib -L.  -L/Users/ERSK/.rvm/usr/lib      -lruby-static -lm  -lpthread -ldl -lobjc "
conftest.c: In function ‘t’:
conftest.c:5: error: ‘atan’ undeclared (first use in this function)
conftest.c:5: error: (Each undeclared identifier is reported only once
conftest.c:5: error: for each function it appears in.)
checked program was:
/* begin */
1: #include "ruby.h"
2: 
3: /*top*/
4: int main() {return 0;}
5: int t() { void ((*volatile p)()); p = (void ((*)()))atan; return 0; }
/* end */

"/usr/local/bin/gcc-4.2 -o conftest -I/Users/ERSK/.rvm/rubies/ruby-1.9.3-p374/include/ruby-1.9.1/x86_64-darwin12.3.0 -I/Users/ERSK/.rvm/rubies/ruby-1.9.3-p374/include/ruby-1.9.1/ruby/backward -I/Users/ERSK/.rvm/rubies/ruby-1.9.3-p374/include/ruby-1.9.1 -I. -D_XOPEN_SOURCE -D_DARWIN_C_SOURCE   -I/Users/ERSK/.rvm/usr/include  -O3 -ggdb -Wall -Wextra -Wno-unused-parameter -Wno-parentheses -Wno-long-long -Wno-missing-field-initializers -Wpointer-arith -Wwrite-strings -Wdeclaration-after-statement -Wshorten-64-to-32 -Wimplicit-function-declaration  -pipe -fno-builtin conftest.c  -L. -L/Users/ERSK/.rvm/rubies/ruby-1.9.3-p374/lib -L/Users/ERSK/.rvm/usr/lib -L/Users/ERSK/.rvm/rubies/ruby-1.9.3-p374/lib -L.  -L/Users/ERSK/.rvm/usr/lib      -lruby-static -lm  -lpthread -ldl -lobjc "
conftest.c: In function ‘t’:
conftest.c:5: warning: implicit declaration of function ‘atan’
checked program was:
/* begin */
1: #include "ruby.h"
2: 
3: /*top*/
4: int main() {return 0;}
5: int t() { atan(); return 0; }
/* end */

--------------------

have_library: checking for inflate() in -lz... -------------------- yes

"/usr/local/bin/gcc-4.2 -o conftest -I/Users/ERSK/.rvm/rubies/ruby-1.9.3-p374/include/ruby-1.9.1/x86_64-darwin12.3.0 -I/Users/ERSK/.rvm/rubies/ruby-1.9.3-p374/include/ruby-1.9.1/ruby/backward -I/Users/ERSK/.rvm/rubies/ruby-1.9.3-p374/include/ruby-1.9.1 -I. -D_XOPEN_SOURCE -D_DARWIN_C_SOURCE   -I/Users/ERSK/.rvm/usr/include  -O3 -ggdb -Wall -Wextra -Wno-unused-parameter -Wno-parentheses -Wno-long-long -Wno-missing-field-initializers -Wpointer-arith -Wwrite-strings -Wdeclaration-after-statement -Wshorten-64-to-32 -Wimplicit-function-declaration  -pipe conftest.c  -L. -L/Users/ERSK/.rvm/rubies/ruby-1.9.3-p374/lib -L/Users/ERSK/.rvm/usr/lib -L/Users/ERSK/.rvm/rubies/ruby-1.9.3-p374/lib -L.  -L/Users/ERSK/.rvm/usr/lib     -lm  -lruby-static -lz -lm  -lpthread -ldl -lobjc "
conftest.c: In function ‘t’:
conftest.c:5: error: ‘inflate’ undeclared (first use in this function)
conftest.c:5: error: (Each undeclared identifier is reported only once
conftest.c:5: error: for each function it appears in.)
checked program was:
/* begin */
1: #include "ruby.h"
2: 
3: /*top*/
4: int main() {return 0;}
5: int t() { void ((*volatile p)()); p = (void ((*)()))inflate; return 0; }
/* end */

"/usr/local/bin/gcc-4.2 -o conftest -I/Users/ERSK/.rvm/rubies/ruby-1.9.3-p374/include/ruby-1.9.1/x86_64-darwin12.3.0 -I/Users/ERSK/.rvm/rubies/ruby-1.9.3-p374/include/ruby-1.9.1/ruby/backward -I/Users/ERSK/.rvm/rubies/ruby-1.9.3-p374/include/ruby-1.9.1 -I. -D_XOPEN_SOURCE -D_DARWIN_C_SOURCE   -I/Users/ERSK/.rvm/usr/include  -O3 -ggdb -Wall -Wextra -Wno-unused-parameter -Wno-parentheses -Wno-long-long -Wno-missing-field-initializers -Wpointer-arith -Wwrite-strings -Wdeclaration-after-statement -Wshorten-64-to-32 -Wimplicit-function-declaration  -pipe conftest.c  -L. -L/Users/ERSK/.rvm/rubies/ruby-1.9.3-p374/lib -L/Users/ERSK/.rvm/usr/lib -L/Users/ERSK/.rvm/rubies/ruby-1.9.3-p374/lib -L.  -L/Users/ERSK/.rvm/usr/lib     -lm  -lruby-static -lz -lm  -lpthread -ldl -lobjc "
conftest.c: In function ‘t’:
conftest.c:5: warning: implicit declaration of function ‘inflate’
checked program was:
/* begin */
1: #include "ruby.h"
2: 
3: /*top*/
4: int main() {return 0;}
5: int t() { inflate(); return 0; }
/* end */

--------------------

have_library: checking for iconv_open() in -liconv... -------------------- yes

"/usr/local/bin/gcc-4.2 -o conftest -I/Users/ERSK/.rvm/rubies/ruby-1.9.3-p374/include/ruby-1.9.1/x86_64-darwin12.3.0 -I/Users/ERSK/.rvm/rubies/ruby-1.9.3-p374/include/ruby-1.9.1/ruby/backward -I/Users/ERSK/.rvm/rubies/ruby-1.9.3-p374/include/ruby-1.9.1 -I. -D_XOPEN_SOURCE -D_DARWIN_C_SOURCE   -I/Users/ERSK/.rvm/usr/include  -O3 -ggdb -Wall -Wextra -Wno-unused-parameter -Wno-parentheses -Wno-long-long -Wno-missing-field-initializers -Wpointer-arith -Wwrite-strings -Wdeclaration-after-statement -Wshorten-64-to-32 -Wimplicit-function-declaration  -pipe conftest.c  -L. -L/Users/ERSK/.rvm/rubies/ruby-1.9.3-p374/lib -L/Users/ERSK/.rvm/usr/lib -L/Users/ERSK/.rvm/rubies/ruby-1.9.3-p374/lib -L.  -L/Users/ERSK/.rvm/usr/lib     -lz -lm  -lruby-static -liconv -lz -lm  -lpthread -ldl -lobjc "
conftest.c: In function ‘t’:
conftest.c:5: error: ‘iconv_open’ undeclared (first use in this function)
conftest.c:5: error: (Each undeclared identifier is reported only once
conftest.c:5: error: for each function it appears in.)
checked program was:
/* begin */
1: #include "ruby.h"
2: 
3: /*top*/
4: int main() {return 0;}
5: int t() { void ((*volatile p)()); p = (void ((*)()))iconv_open; return 0; }
/* end */

"/usr/local/bin/gcc-4.2 -o conftest -I/Users/ERSK/.rvm/rubies/ruby-1.9.3-p374/include/ruby-1.9.1/x86_64-darwin12.3.0 -I/Users/ERSK/.rvm/rubies/ruby-1.9.3-p374/include/ruby-1.9.1/ruby/backward -I/Users/ERSK/.rvm/rubies/ruby-1.9.3-p374/include/ruby-1.9.1 -I. -D_XOPEN_SOURCE -D_DARWIN_C_SOURCE   -I/Users/ERSK/.rvm/usr/include  -O3 -ggdb -Wall -Wextra -Wno-unused-parameter -Wno-parentheses -Wno-long-long -Wno-missing-field-initializers -Wpointer-arith -Wwrite-strings -Wdeclaration-after-statement -Wshorten-64-to-32 -Wimplicit-function-declaration  -pipe conftest.c  -L. -L/Users/ERSK/.rvm/rubies/ruby-1.9.3-p374/lib -L/Users/ERSK/.rvm/usr/lib -L/Users/ERSK/.rvm/rubies/ruby-1.9.3-p374/lib -L.  -L/Users/ERSK/.rvm/usr/lib     -lz -lm  -lruby-static -liconv -lz -lm  -lpthread -ldl -lobjc "
conftest.c: In function ‘t’:
conftest.c:5: warning: implicit declaration of function ‘iconv_open’
checked program was:
/* begin */
1: #include "ruby.h"
2: 
3: /*top*/
4: int main() {return 0;}
5: int t() { iconv_open(); return 0; }
/* end */

--------------------

have_library: checking for xmlParseDoc() in -lxml2... -------------------- yes

"/usr/local/bin/gcc-4.2 -o conftest -I/Users/ERSK/.rvm/rubies/ruby-1.9.3-p374/include/ruby-1.9.1/x86_64-darwin12.3.0 -I/Users/ERSK/.rvm/rubies/ruby-1.9.3-p374/include/ruby-1.9.1/ruby/backward -I/Users/ERSK/.rvm/rubies/ruby-1.9.3-p374/include/ruby-1.9.1 -I. -D_XOPEN_SOURCE -D_DARWIN_C_SOURCE   -I/Users/ERSK/.rvm/usr/include  -O3 -ggdb -Wall -Wextra -Wno-unused-parameter -Wno-parentheses -Wno-long-long -Wno-missing-field-initializers -Wpointer-arith -Wwrite-strings -Wdeclaration-after-statement -Wshorten-64-to-32 -Wimplicit-function-declaration  -pipe -I/usr/include/libxml2 conftest.c  -L. -L/Users/ERSK/.rvm/rubies/ruby-1.9.3-p374/lib -L/Users/ERSK/.rvm/usr/lib -L/Users/ERSK/.rvm/rubies/ruby-1.9.3-p374/lib -L.  -L/Users/ERSK/.rvm/usr/lib     -lxml2 -liconv -lz -lm  -lruby-static -lxml2 -lxml2 -liconv -lz -lm  -lpthread -ldl -lobjc "
conftest.c: In function ‘t’:
conftest.c:5: error: ‘xmlParseDoc’ undeclared (first use in this function)
conftest.c:5: error: (Each undeclared identifier is reported only once
conftest.c:5: error: for each function it appears in.)
checked program was:
/* begin */
1: #include "ruby.h"
2: 
3: /*top*/
4: int main() {return 0;}
5: int t() { void ((*volatile p)()); p = (void ((*)()))xmlParseDoc; return 0; }
/* end */

"/usr/local/bin/gcc-4.2 -o conftest -I/Users/ERSK/.rvm/rubies/ruby-1.9.3-p374/include/ruby-1.9.1/x86_64-darwin12.3.0 -I/Users/ERSK/.rvm/rubies/ruby-1.9.3-p374/include/ruby-1.9.1/ruby/backward -I/Users/ERSK/.rvm/rubies/ruby-1.9.3-p374/include/ruby-1.9.1 -I. -D_XOPEN_SOURCE -D_DARWIN_C_SOURCE   -I/Users/ERSK/.rvm/usr/include  -O3 -ggdb -Wall -Wextra -Wno-unused-parameter -Wno-parentheses -Wno-long-long -Wno-missing-field-initializers -Wpointer-arith -Wwrite-strings -Wdeclaration-after-statement -Wshorten-64-to-32 -Wimplicit-function-declaration  -pipe -I/usr/include/libxml2 conftest.c  -L. -L/Users/ERSK/.rvm/rubies/ruby-1.9.3-p374/lib -L/Users/ERSK/.rvm/usr/lib -L/Users/ERSK/.rvm/rubies/ruby-1.9.3-p374/lib -L.  -L/Users/ERSK/.rvm/usr/lib     -lxml2 -liconv -lz -lm  -lruby-static -lxml2 -lxml2 -liconv -lz -lm  -lpthread -ldl -lobjc "
conftest.c: In function ‘t’:
conftest.c:5: warning: implicit declaration of function ‘xmlParseDoc’
checked program was:
/* begin */
1: #include "ruby.h"
2: 
3: /*top*/
4: int main() {return 0;}
5: int t() { xmlParseDoc(); return 0; }
/* end */

--------------------

have_header: checking for libxml/xmlversion.h... -------------------- yes

"/usr/local/bin/gcc-4.2 -E -I/Users/ERSK/.rvm/rubies/ruby-1.9.3-p374/include/ruby-1.9.1/x86_64-darwin12.3.0 -I/Users/ERSK/.rvm/rubies/ruby-1.9.3-p374/include/ruby-1.9.1/ruby/backward -I/Users/ERSK/.rvm/rubies/ruby-1.9.3-p374/include/ruby-1.9.1 -I. -D_XOPEN_SOURCE -D_DARWIN_C_SOURCE   -I/Users/ERSK/.rvm/usr/include  -O3 -ggdb -Wall -Wextra -Wno-unused-parameter -Wno-parentheses -Wno-long-long -Wno-missing-field-initializers -Wpointer-arith -Wwrite-strings -Wdeclaration-after-statement -Wshorten-64-to-32 -Wimplicit-function-declaration  -pipe -I/usr/include/libxml2  conftest.c -o conftest.i"
checked program was:
/* begin */
1: #include "ruby.h"
2: 
3: #include <libxml/xmlversion.h>
/* end */

--------------------

have_func: checking for rb_io_bufwrite() in ruby/io.h... -------------------- yes

"/usr/local/bin/gcc-4.2 -o conftest -I/Users/ERSK/.rvm/rubies/ruby-1.9.3-p374/include/ruby-1.9.1/x86_64-darwin12.3.0 -I/Users/ERSK/.rvm/rubies/ruby-1.9.3-p374/include/ruby-1.9.1/ruby/backward -I/Users/ERSK/.rvm/rubies/ruby-1.9.3-p374/include/ruby-1.9.1 -I. -D_XOPEN_SOURCE -D_DARWIN_C_SOURCE   -I/Users/ERSK/.rvm/usr/include  -O3 -ggdb -Wall -Wextra -Wno-unused-parameter -Wno-parentheses -Wno-long-long -Wno-missing-field-initializers -Wpointer-arith -Wwrite-strings -Wdeclaration-after-statement -Wshorten-64-to-32 -Wimplicit-function-declaration  -pipe -I/usr/include/libxml2 conftest.c  -L. -L/Users/ERSK/.rvm/rubies/ruby-1.9.3-p374/lib -L/Users/ERSK/.rvm/usr/lib -L/Users/ERSK/.rvm/rubies/ruby-1.9.3-p374/lib -L.  -L/Users/ERSK/.rvm/usr/lib     -lxml2 -lxml2 -liconv -lz -lm  -lruby-static -lxml2 -lxml2 -liconv -lz -lm  -lpthread -ldl -lobjc "
checked program was:
/* begin */
1: #include "ruby.h"
2: 
3: #include <ruby/io.h>
4: 
5: /*top*/
6: int main() {return 0;}
7: int t() { void ((*volatile p)()); p = (void ((*)()))rb_io_bufwrite; return 0; }
/* end */

--------------------

extconf.h is:
/* begin */
1: #ifndef EXTCONF_H
2: #define EXTCONF_H
3: #define HAVE_ZLIB_H 1
4: #define HAVE_LIBXML_XMLVERSION_H 1
5: #define HAVE_RB_IO_BUFWRITE 1
6: #endif
/* end */

